[0.052s] Invoking command in '/home/carpe-bleue/ros2_ws/build/serial_package': /usr/bin/cmake --build /home/carpe-bleue/ros2_ws/build/serial_package -- -j4 -l4
[0.182s] -- Found ament_cmake: 1.3.11 (/opt/ros/humble/share/ament_cmake/cmake)
[1.213s] Traceback (most recent call last):
[1.214s]   File "/opt/ros/humble/share/ament_cmake_core/cmake/package_templates/templates_2_cmake.py", line 21, in <module>
[1.217s]     from ament_package.templates import get_environment_hook_template_path
[1.218s] ModuleNotFoundError: No module named 'ament_package'
[1.296s] [31mCMake Error at /opt/ros/humble/share/ament_cmake_core/cmake/ament_cmake_package_templates-extras.cmake:41 (message):
[1.296s]   execute_process(/usr/bin/python3
[1.297s]   /opt/ros/humble/share/ament_cmake_core/cmake/package_templates/templates_2_cmake.py
[1.297s]   /home/carpe-bleue/ros2_ws/build/serial_package/ament_cmake_package_templates/templates.cmake)
[1.298s]   returned error code 1
[1.298s] Call Stack (most recent call first):
[1.299s]   /opt/ros/humble/share/ament_cmake_core/cmake/ament_cmake_coreConfig.cmake:41 (include)
[1.299s]   /opt/ros/humble/share/ament_cmake/cmake/ament_cmake_export_dependencies-extras.cmake:15 (find_package)
[1.300s]   /opt/ros/humble/share/ament_cmake/cmake/ament_cmakeConfig.cmake:41 (include)
[1.301s]   CMakeLists.txt:10 (find_package)
[1.302s] 
[1.304s] [0m
[1.305s] -- Configuring incomplete, errors occurred!
[1.305s] See also "/home/carpe-bleue/ros2_ws/build/serial_package/CMakeFiles/CMakeOutput.log".
[1.310s] gmake: *** [Makefile:308: cmake_check_build_system] Error 1
[1.328s] Invoked command in '/home/carpe-bleue/ros2_ws/build/serial_package' returned '2': /usr/bin/cmake --build /home/carpe-bleue/ros2_ws/build/serial_package -- -j4 -l4
