[35m[1mConsolidate compiler generated dependencies of target UART_Node[0m
[ 25%] [32mBuilding CXX object CMakeFiles/OdometryNode.dir/src/OdometryNode.cpp.o[0m
[ 75%] Built target UART_Node
[01m[K/home/carpe-bleue/ros2_ws/src/serial_package/src/OdometryNode.cpp:4:10:[m[K [01;31m[Kfatal error: [m[Kgeometry_msgs/msg/pose2d.hpp: No such file or directory
    4 | #include [01;31m[K"geometry_msgs/msg/pose2d.hpp"[m[K
      |          [01;31m[K^~~~~~~~~~~~~~~~~~~~~~~~~~~~~~[m[K
compilation terminated.
gmake[2]: *** [CMakeFiles/OdometryNode.dir/build.make:76: CMakeFiles/OdometryNode.dir/src/OdometryNode.cpp.o] Error 1
gmake[1]: *** [CMakeFiles/Makefile2:165: CMakeFiles/OdometryNode.dir/all] Error 2
gmake: *** [Makefile:146: all] Error 2
