[0.075s] Invoking command in '/home/carpe-bleue/ros2_ws/build/serial_package': /usr/bin/cmake --build /home/carpe-bleue/ros2_ws/build/serial_package -- -j4 -l4
[0.698s] -- Found ament_cmake: 1.3.11 (/opt/ros/humble/share/ament_cmake/cmake)
[1.579s] Traceback (most recent call last):
[1.580s]   File "/opt/ros/humble/share/ament_cmake_core/cmake/package_templates/templates_2_cmake.py", line 21, in <module>
[1.586s]     from ament_package.templates import get_environment_hook_template_path
[1.589s] ModuleNotFoundError: No module named 'ament_package'
[1.649s] [31mCMake Error at /opt/ros/humble/share/ament_cmake_core/cmake/ament_cmake_package_templates-extras.cmake:41 (message):
[1.650s]   execute_process(/usr/bin/python3
[1.651s]   /opt/ros/humble/share/ament_cmake_core/cmake/package_templates/templates_2_cmake.py
[1.651s]   /home/carpe-bleue/ros2_ws/build/serial_package/ament_cmake_package_templates/templates.cmake)
[1.652s]   returned error code 1
[1.652s] Call Stack (most recent call first):
[1.653s]   /opt/ros/humble/share/ament_cmake_core/cmake/ament_cmake_coreConfig.cmake:41 (include)
[1.653s]   /opt/ros/humble/share/ament_cmake/cmake/ament_cmake_export_dependencies-extras.cmake:15 (find_package)
[1.654s]   /opt/ros/humble/share/ament_cmake/cmake/ament_cmakeConfig.cmake:41 (include)
[1.655s]   CMakeLists.txt:10 (find_package)
[1.655s] 
[1.656s] [0m
[1.656s] -- Configuring incomplete, errors occurred!
[1.656s] See also "/home/carpe-bleue/ros2_ws/build/serial_package/CMakeFiles/CMakeOutput.log".
[1.659s] gmake: *** [Makefile:308: cmake_check_build_system] Error 1
[1.666s] Invoked command in '/home/carpe-bleue/ros2_ws/build/serial_package' returned '2': /usr/bin/cmake --build /home/carpe-bleue/ros2_ws/build/serial_package -- -j4 -l4
