[0.055s] Invoking command in '/home/carpe-bleue/ros2_ws/build/serial_package': CMAKE_PREFIX_PATH=/opt/ros/humble /usr/bin/cmake /home/carpe-bleue/ros2_ws/src/serial_package -DCMAKE_INSTALL_PREFIX=/home/carpe-bleue/ros2_ws/install/serial_package
[0.305s] -- The C compiler identification is GNU 11.4.0
[0.554s] -- The CXX compiler identification is GNU 11.4.0
[0.585s] -- Detecting C compiler ABI info
[0.884s] -- Detecting C compiler ABI info - done
[0.911s] -- Check for working C compiler: /usr/bin/cc - skipped
[0.911s] -- Detecting C compile features
[0.913s] -- Detecting C compile features - done
[0.923s] -- Detecting CXX compiler ABI info
[1.256s] -- Detecting CXX compiler ABI info - done
[1.285s] -- Check for working CXX compiler: /usr/bin/c++ - skipped
[1.286s] -- Detecting CXX compile features
[1.287s] -- Detecting CXX compile features - done
[1.311s] -- Found ament_cmake: 1.3.10 (/opt/ros/humble/share/ament_cmake/cmake)
[1.989s] -- Found Python3: /usr/bin/python3 (found version "3.10.12") found components: Interpreter 
[2.490s] -- Found ament_lint_auto: 0.12.11 (/opt/ros/humble/share/ament_lint_auto/cmake)
[2.888s] -- Added test 'cppcheck' to perform static code analysis on C / C++ code
[2.888s] -- Configured cppcheck include dirs: $<BUILD_INTERFACE:/home/carpe-bleue/ros2_ws/src/serial_package/include>
[2.888s] -- Configured cppcheck exclude dirs and/or files: 
[2.892s] -- Added test 'lint_cmake' to check CMake code style
[2.898s] -- Added test 'uncrustify' to check C / C++ code style
[2.899s] -- Configured uncrustify additional arguments: 
[2.901s] -- Added test 'xmllint' to check XML markup files
[2.907s] -- Configuring done
[2.932s] -- Generating done
[2.936s] -- Build files have been written to: /home/carpe-bleue/ros2_ws/build/serial_package
[2.951s] Invoked command in '/home/carpe-bleue/ros2_ws/build/serial_package' returned '0': CMAKE_PREFIX_PATH=/opt/ros/humble /usr/bin/cmake /home/carpe-bleue/ros2_ws/src/serial_package -DCMAKE_INSTALL_PREFIX=/home/carpe-bleue/ros2_ws/install/serial_package
[2.958s] Invoking command in '/home/carpe-bleue/ros2_ws/build/serial_package': CMAKE_PREFIX_PATH=/opt/ros/humble /usr/bin/cmake --build /home/carpe-bleue/ros2_ws/build/serial_package -- -j4 -l4
[3.145s] [ 50%] [32mBuilding CXX object CMakeFiles/serial_node.dir/src/serial_node.cpp.o[0m
[3.198s] [01m[K/home/carpe-bleue/ros2_ws/src/serial_package/src/serial_node.cpp:4:3:[m[K [01;31m[Kerror: [m[Kinvalid preprocessing directive #Function
[3.199s]     4 | # [01;31m[KFunction[m[K to find available UART ports
[3.200s]       |   [01;31m[K^~~~~~~~[m[K
[3.200s] [01m[K/home/carpe-bleue/ros2_ws/src/serial_package/src/serial_node.cpp:6:7:[m[K [01;31m[Kerror: [m[Kinvalid preprocessing directive #Lists
[3.201s]     6 |     # [01;31m[KLists[m[K all available ports and searches for the desired device
[3.201s]       |       [01;31m[K^~~~~[m[K
[3.202s] [01m[K/home/carpe-bleue/ros2_ws/src/serial_package/src/serial_node.cpp:9:31:[m[K [01;31m[Kerror: [m[Kstray â€˜[01m[K#[m[Kâ€™ in program
[3.202s]     9 |         return uart_ports[0]  [01;31m[K#[m[K Returns the first port found (adjust as needed)
[3.203s]       |                               [01;31m[K^[m[K
[3.203s] [01m[K/home/carpe-bleue/ros2_ws/src/serial_package/src/serial_node.cpp:14:7:[m[K [01;31m[Kerror: [m[Kinvalid preprocessing directive #Find
[3.203s]    14 |     # [01;31m[KFind[m[K the serial port
[3.204s]       |       [01;31m[K^~~~[m[K
[3.204s] [01m[K/home/carpe-bleue/ros2_ws/src/serial_package/src/serial_node.cpp:16:24:[m[K [01;31m[Kerror: [m[Kstray â€˜[01m[K#[m[Kâ€™ in program
[3.205s]    16 |     baudrate = 115200  [01;31m[K#[m[K Baudrate for the serial connection
[3.205s]       |                        [01;31m[K^[m[K
[3.205s] [01m[K/home/carpe-bleue/ros2_ws/src/serial_package/src/serial_node.cpp:17:24:[m[K [01;31m[Kerror: [m[Kstray â€˜[01m[K#[m[Kâ€™ in program
[3.206s]    17 |     timeout = 1        [01;31m[K#[m[K Timeout for reading
[3.206s]       |                        [01;31m[K^[m[K
[3.207s] [01m[K/home/carpe-bleue/ros2_ws/src/serial_package/src/serial_node.cpp:21:15:[m[K [01;31m[Kerror: [m[Kinvalid preprocessing directive #Initialize
[3.207s]    21 |             # [01;31m[KInitialize[m[K serial connection
[3.207s]       |               [01;31m[K^~~~~~~~~~[m[K
[3.208s] [01m[K/home/carpe-bleue/ros2_ws/src/serial_package/src/serial_node.cpp:25:15:[m[K [01;31m[Kerror: [m[Kinvalid preprocessing directive #Send
[3.208s]    25 |             # [01;31m[KSend[m[K a message over UART
[3.208s]       |               [01;31m[K^~~~[m[K
[3.209s] [01m[K/home/carpe-bleue/ros2_ws/src/serial_package/src/serial_node.cpp:27:42:[m[K [01;31m[Kerror: [m[Kstray â€˜[01m[K#[m[Kâ€™ in program
[3.209s]    27 |             ser.write(message.encode())  [01;31m[K#[m[K Send encoded message
[3.210s]       |                                          [01;31m[K^[m[K
[3.210s] [01m[K/home/carpe-bleue/ros2_ws/src/serial_package/src/serial_node.cpp:30:15:[m[K [01;31m[Kerror: [m[Kinvalid preprocessing directive #Read
[3.211s]    30 |             # [01;31m[KRead[m[K response (if any)
[3.212s]       |               [01;31m[K^~~~[m[K
[3.213s] [01m[K/home/carpe-bleue/ros2_ws/src/serial_package/src/serial_node.cpp:37:26:[m[K [01;31m[Kerror: [m[Kstray â€˜[01m[K#[m[Kâ€™ in program
[3.215s]    37 |             ser.close()  [01;31m[K#[m[K Close the serial connection
[3.218s]       |                          [01;31m[K^[m[K
[3.220s] [01m[K/home/carpe-bleue/ros2_ws/src/serial_package/src/serial_node.cpp:1:1:[m[K [01;31m[Kerror: [m[Kâ€˜[01m[Kimport[m[Kâ€™ does not name a type
[3.220s]     1 | [01;31m[Kimport[m[K serial
[3.221s]       | [01;31m[K^~~~~~[m[K
[3.221s] [01m[K/home/carpe-bleue/ros2_ws/src/serial_package/src/serial_node.cpp:1:1:[m[K [01;36m[Knote: [m[KC++20 â€˜[01m[Kimport[m[Kâ€™ only available with â€˜[01m[K-fmodules-ts[m[Kâ€™
[3.221s] gmake[2]: *** [CMakeFiles/serial_node.dir/build.make:76: CMakeFiles/serial_node.dir/src/serial_node.cpp.o] Error 1
[3.222s] gmake[1]: *** [CMakeFiles/Makefile2:137: CMakeFiles/serial_node.dir/all] Error 2
[3.222s] gmake: *** [Makefile:146: all] Error 2
[3.223s] Invoked command in '/home/carpe-bleue/ros2_ws/build/serial_package' returned '2': CMAKE_PREFIX_PATH=/opt/ros/humble /usr/bin/cmake --build /home/carpe-bleue/ros2_ws/build/serial_package -- -j4 -l4
