[0.041s] Invoking command in '/home/carpe-bleue/ros2_ws/build/serial_package': /usr/bin/cmake --build /home/carpe-bleue/ros2_ws/build/serial_package -- -j4 -l4
[0.122s] -- Found ament_cmake: 1.3.10 (/opt/ros/humble/share/ament_cmake/cmake)
[0.689s] Traceback (most recent call last):
[0.690s]   File "/opt/ros/humble/share/ament_cmake_core/cmake/package_templates/templates_2_cmake.py", line 21, in <module>
[0.691s]     from ament_package.templates import get_environment_hook_template_path
[0.692s] ModuleNotFoundError: No module named 'ament_package'
[0.748s] [31mCMake Error at /opt/ros/humble/share/ament_cmake_core/cmake/ament_cmake_package_templates-extras.cmake:41 (message):
[0.749s]   execute_process(/usr/bin/python3
[0.749s]   /opt/ros/humble/share/ament_cmake_core/cmake/package_templates/templates_2_cmake.py
[0.749s]   /home/carpe-bleue/ros2_ws/build/serial_package/ament_cmake_package_templates/templates.cmake)
[0.750s]   returned error code 1
[0.750s] Call Stack (most recent call first):
[0.750s]   /opt/ros/humble/share/ament_cmake_core/cmake/ament_cmake_coreConfig.cmake:41 (include)
[0.751s]   /opt/ros/humble/share/ament_cmake/cmake/ament_cmake_export_dependencies-extras.cmake:15 (find_package)
[0.751s]   /opt/ros/humble/share/ament_cmake/cmake/ament_cmakeConfig.cmake:41 (include)
[0.751s]   CMakeLists.txt:10 (find_package)
[0.752s] 
[0.753s] [0m
[0.753s] -- Configuring incomplete, errors occurred!
[0.753s] See also "/home/carpe-bleue/ros2_ws/build/serial_package/CMakeFiles/CMakeOutput.log".
[0.762s] gmake: *** [Makefile:226: cmake_check_build_system] Error 1
[0.769s] Invoked command in '/home/carpe-bleue/ros2_ws/build/serial_package' returned '2': /usr/bin/cmake --build /home/carpe-bleue/ros2_ws/build/serial_package -- -j4 -l4
