[0.059s] Invoking command in '/home/carpe-bleue/ros2_ws/build/serial_package': CMAKE_PREFIX_PATH=/opt/ros/humble /usr/bin/cmake --build /home/carpe-bleue/ros2_ws/build/serial_package -- -j4 -l4
[0.159s] -- Found ament_cmake: 1.3.11 (/opt/ros/humble/share/ament_cmake/cmake)
[0.757s] -- Override CMake install command with custom implementation using symlinks instead of copying resources
[0.792s] -- Found rclpy: 3.3.16 (/opt/ros/humble/share/rclpy/cmake)
[0.792s] -- Found sensor_msgs: 4.8.0 (/opt/ros/humble/share/sensor_msgs/cmake)
[0.929s] -- Found rosidl_generator_c: 3.1.6 (/opt/ros/humble/share/rosidl_generator_c/cmake)
[0.940s] -- Found rosidl_adapter: 3.1.6 (/opt/ros/humble/share/rosidl_adapter/cmake)
[0.963s] -- Found rosidl_generator_cpp: 3.1.6 (/opt/ros/humble/share/rosidl_generator_cpp/cmake)
[1.002s] -- Using all available rosidl_typesupport_c: rosidl_typesupport_fastrtps_c;rosidl_typesupport_introspection_c
[1.051s] -- Using all available rosidl_typesupport_cpp: rosidl_typesupport_fastrtps_cpp;rosidl_typesupport_introspection_cpp
[1.265s] -- Found rclcpp: 16.0.12 (/opt/ros/humble/share/rclcpp/cmake)
[1.362s] -- Found rmw_implementation_cmake: 6.1.2 (/opt/ros/humble/share/rmw_implementation_cmake/cmake)
[1.368s] -- Found rmw_fastrtps_cpp: 6.2.7 (/opt/ros/humble/share/rmw_fastrtps_cpp/cmake)
[2.134s] -- Using RMW implementation 'rmw_fastrtps_cpp' as default
[2.293s] -- Found ament_lint_auto: 0.12.12 (/opt/ros/humble/share/ament_lint_auto/cmake)
[2.678s] -- Added test 'cppcheck' to perform static code analysis on C / C++ code
[2.679s] -- Configured cppcheck include dirs: 
[2.679s] -- Configured cppcheck exclude dirs and/or files: 
[2.685s] -- Added test 'flake8' to check Python code syntax and style conventions
[2.697s] -- Added test 'lint_cmake' to check CMake code style
[2.704s] -- Added test 'pep257' to check Python code against some of the docstring style conventions in PEP 257
[2.743s] -- Added test 'uncrustify' to check C / C++ code style
[2.743s] -- Configured uncrustify additional arguments: 
[2.750s] -- Added test 'xmllint' to check XML markup files
[2.756s] -- Configuring done
[2.849s] -- Generating done
[2.868s] -- Build files have been written to: /home/carpe-bleue/ros2_ws/build/serial_package
[2.970s] [35m[1mConsolidate compiler generated dependencies of target UART_Node[0m
[3.005s] [ 25%] [32mBuilding CXX object CMakeFiles/OdometryNode.dir/src/OdometryNode.cpp.o[0m
[3.280s] [ 50%] [32mBuilding CXX object CMakeFiles/UART_Node.dir/src/UART_Node.cpp.o[0m
[5.480s] [01m[K/home/carpe-bleue/ros2_ws/src/serial_package/src/OdometryNode.cpp:4:10:[m[K [01;31m[Kfatal error: [m[Kgeometry_msgs/msg/pose2d.hpp: No such file or directory
[5.481s]     4 | #include [01;31m[K"geometry_msgs/msg/pose2d.hpp"[m[K
[5.481s]       |          [01;31m[K^~~~~~~~~~~~~~~~~~~~~~~~~~~~~~[m[K
[5.481s] compilation terminated.
[5.493s] gmake[2]: *** [CMakeFiles/OdometryNode.dir/build.make:76: CMakeFiles/OdometryNode.dir/src/OdometryNode.cpp.o] Error 1
[5.494s] gmake[1]: *** [CMakeFiles/Makefile2:165: CMakeFiles/OdometryNode.dir/all] Error 2
[5.494s] gmake[1]: *** Waiting for unfinished jobs....
[35.734s] [ 75%] [32m[1mLinking CXX executable UART_Node[0m
[37.530s] [ 75%] Built target UART_Node
[37.533s] gmake: *** [Makefile:146: all] Error 2
